# JRE version: OpenJDK Runtime Environment (11.0.10) (build 11.0.10+0-b96-7249189)
# Java VM: OpenJDK 64-Bit Server VM (11.0.10+0-b96-7249189, mixed mode, tiered, compressed oops, g1 gc, windows-amd64)
Heap:
 garbage-first heap   total 291840K, used 232845K [0x00000000e0000000, 0x0000000100000000)
  region size 1024K, 47 young (48128K), 3 survivors (3072K)
 Metaspace       used 72052K, capacity 77748K, committed 78416K, reserved 1116160K
  class space    used 8241K, capacity 10820K, committed 11008K, reserved 1048576K
GC Heap History (20 events):
Event: 15.134 GC heap after
{Heap after GC invocations=160 (full 0):
 garbage-first heap   total 215040K, used 169063K [0x00000000e0000000, 0x0000000100000000)
  region size 1024K, 2 young (2048K), 2 survivors (2048K)
 Metaspace       used 72114K, capacity 77959K, committed 78032K, reserved 1116160K
  class space    used 8226K, capacity 10854K, committed 10880K, reserved 1048576K
}
Event: 15.158 GC heap before
{Heap before GC invocations=160 (full 0):
 garbage-first heap   total 215040K, used 187495K [0x00000000e0000000, 0x0000000100000000)
  region size 1024K, 18 young (18432K), 2 survivors (2048K)
 Metaspace       used 72134K, capacity 77977K, committed 78032K, reserved 1116160K
  class space    used 8227K, capacity 10854K, committed 10880K, reserved 1048576K
}
Event: 15.160 GC heap after
{Heap after GC invocations=161 (full 0):
 garbage-first heap   total 215040K, used 172730K [0x00000000e0000000, 0x0000000100000000)
  region size 1024K, 3 young (3072K), 3 survivors (3072K)
 Metaspace       used 72134K, capacity 77977K, committed 78032K, reserved 1116160K
  class space    used 8227K, capacity 10854K, committed 10880K, reserved 1048576K
}
Event: 15.201 GC heap before
{Heap before GC invocations=162 (full 0):
 garbage-first heap   total 215040K, used 187066K [0x00000000e0000000, 0x0000000100000000)
  region size 1024K, 17 young (17408K), 3 survivors (3072K)
 Metaspace       used 72217K, capacity 78047K, committed 78288K, reserved 1116160K
  class space    used 8240K, capacity 10855K, committed 10880K, reserved 1048576K
}
Event: 15.205 GC heap after
{Heap after GC invocations=163 (full 0):
 garbage-first heap   total 215040K, used 174588K [0x00000000e0000000, 0x0000000100000000)
  region size 1024K, 3 young (3072K), 3 survivors (3072K)
 Metaspace       used 72217K, capacity 78047K, committed 78288K, reserved 1116160K
  class space    used 8240K, capacity 10855K, committed 10880K, reserved 1048576K
}
Event: 15.221 GC heap before
{Heap before GC invocations=163 (full 0):
 garbage-first heap   total 215040K, used 186876K [0x00000000e0000000, 0x0000000100000000)
  region size 1024K, 15 young (15360K), 3 survivors (3072K)
 Metaspace       used 72220K, capacity 78047K, committed 78288K, reserved 1116160K
  class space    used 8240K, capacity 10855K, committed 10880K, reserved 1048576K
}
Event: 15.225 GC heap after
{Heap after GC invocations=164 (full 0):
 garbage-first heap   total 215040K, used 175237K [0x00000000e0000000, 0x0000000100000000)
  region size 1024K, 1 young (1024K), 1 survivors (1024K)
 Metaspace       used 72220K, capacity 78047K, committed 78288K, reserved 1116160K
  class space    used 8240K, capacity 10855K, committed 10880K, reserved 1048576K
}
Event: 15.246 GC heap before
{Heap before GC invocations=164 (full 0):
 garbage-first heap   total 215040K, used 187525K [0x00000000e0000000, 0x0000000100000000)
  region size 1024K, 13 young (13312K), 1 survivors (1024K)
 Metaspace       used 72232K, capacity 78080K, committed 78416K, reserved 1116160K
  class space    used 8242K, capacity 10887K, committed 11008K, reserved 1048576K
}
Event: 15.249 GC heap after
{Heap after GC invocations=165 (full 0):
 garbage-first heap   total 269312K, used 175429K [0x00000000e0000000, 0x0000000100000000)
  region size 1024K, 1 young (1024K), 1 survivors (1024K)
 Metaspace       used 72232K, capacity 78080K, committed 78416K, reserved 1116160K
  class space    used 8242K, capacity 10887K, committed 11008K, reserved 1048576K
}
Event: 15.314 GC heap before
{Heap before GC invocations=165 (full 0):
 garbage-first heap   total 269312K, used 210245K [0x00000000e0000000, 0x0000000100000000)
  region size 1024K, 35 young (35840K), 1 survivors (1024K)
 Metaspace       used 72242K, capacity 78080K, committed 78416K, reserved 1116160K
  class space    used 8243K, capacity 10887K, committed 11008K, reserved 1048576K
}
Event: 15.317 GC heap after
{Heap after GC invocations=166 (full 0):
 garbage-first heap   total 269312K, used 176015K [0x00000000e0000000, 0x0000000100000000)
  region size 1024K, 2 young (2048K), 2 survivors (2048K)
 Metaspace       used 72242K, capacity 78080K, committed 78416K, reserved 1116160K
  class space    used 8243K, capacity 10887K, committed 11008K, reserved 1048576K
}
Event: 15.365 GC heap before
{Heap before GC invocations=166 (full 0):
 garbage-first heap   total 269312K, used 214927K [0x00000000e0000000, 0x0000000100000000)
  region size 1024K, 38 young (38912K), 2 survivors (2048K)
 Metaspace       used 72254K, capacity 78080K, committed 78416K, reserved 1116160K
  class space    used 8244K, capacity 10887K, committed 11008K, reserved 1048576K
}
Event: 15.366 GC heap after
{Heap after GC invocations=167 (full 0):
 garbage-first heap   total 269312K, used 178964K [0x00000000e0000000, 0x0000000100000000)
  region size 1024K, 3 young (3072K), 3 survivors (3072K)
 Metaspace       used 72254K, capacity 78080K, committed 78416K, reserved 1116160K
  class space    used 8244K, capacity 10887K, committed 11008K, reserved 1048576K
}
Event: 15.436 GC heap before
{Heap before GC invocations=168 (full 0):
 garbage-first heap   total 269312K, used 216852K [0x00000000e0000000, 0x0000000100000000)
  region size 1024K, 40 young (40960K), 3 survivors (3072K)
 Metaspace       used 72219K, capacity 78025K, committed 78416K, reserved 1116160K
  class space    used 8251K, capacity 10859K, committed 11008K, reserved 1048576K
}
Event: 15.439 GC heap after
{Heap after GC invocations=169 (full 0):
 garbage-first heap   total 269312K, used 183056K [0x00000000e0000000, 0x0000000100000000)
  region size 1024K, 5 young (5120K), 5 survivors (5120K)
 Metaspace       used 72219K, capacity 78025K, committed 78416K, reserved 1116160K
  class space    used 8251K, capacity 10859K, committed 11008K, reserved 1048576K
}
Event: 15.473 GC heap before
{Heap before GC invocations=169 (full 0):
 garbage-first heap   total 269312K, used 219920K [0x00000000e0000000, 0x0000000100000000)
  region size 1024K, 41 young (41984K), 5 survivors (5120K)
 Metaspace       used 72240K, capacity 78026K, committed 78416K, reserved 1116160K
  class space    used 8252K, capacity 10859K, committed 11008K, reserved 1048576K
}
Event: 15.478 GC heap after
{Heap after GC invocations=170 (full 0):
 garbage-first heap   total 269312K, used 183815K [0x00000000e0000000, 0x0000000100000000)
  region size 1024K, 1 young (1024K), 1 survivors (1024K)
 Metaspace       used 72240K, capacity 78026K, committed 78416K, reserved 1116160K
  class space    used 8252K, capacity 10859K, committed 11008K, reserved 1048576K
}
Event: 15.551 GC heap before
{Heap before GC invocations=170 (full 0):
 garbage-first heap   total 269312K, used 223751K [0x00000000e0000000, 0x0000000100000000)
  region size 1024K, 38 young (38912K), 1 survivors (1024K)
 Metaspace       used 72268K, capacity 78033K, committed 78416K, reserved 1116160K
  class space    used 8254K, capacity 10860K, committed 11008K, reserved 1048576K
}
Event: 15.554 GC heap after
{Heap after GC invocations=171 (full 0):
 garbage-first heap   total 291840K, used 187789K [0x00000000e0000000, 0x0000000100000000)
  region size 1024K, 3 young (3072K), 3 survivors (3072K)
 Metaspace       used 72268K, capacity 78033K, committed 78416K, reserved 1116160K
  class space    used 8254K, capacity 10860K, committed 11008K, reserved 1048576K
}
Event: 15.626 GC heap before
{Heap before GC invocations=171 (full 0):
 garbage-first heap   total 291840K, used 232845K [0x00000000e0000000, 0x0000000100000000)
  region size 1024K, 47 young (48128K), 3 survivors (3072K)
 Metaspace       used 72052K, capacity 77748K, committed 78416K, reserved 1116160K
  class space    used 8241K, capacity 10820K, committed 11008K, reserved 1048576K
}

